# JRE version: Java(TM) SE Runtime Environment (7.0_67-b01) (build 1.7.0_67-b01)
# Java VM: Java HotSpot(TM) 64-Bit Server VM (24.65-b04 mixed mode bsd-amd64 compressed oops)
Heap
 PSYoungGen      total 1337344K, used 37276K [0x00000007aaa80000, 0x00000007fed00000, 0x0000000800000000)
  eden space 1298944K, 2% used [0x00000007aaa80000,0x00000007acee73c8,0x00000007f9f00000)
  from space 38400K, 0% used [0x00000007fc780000,0x00000007fc780000,0x00000007fed00000)
  to   space 39936K, 0% used [0x00000007f9f00000,0x00000007f9f00000,0x00000007fc600000)
 ParOldGen       total 2620416K, used 63386K [0x0000000700000000, 0x000000079ff00000, 0x00000007aaa80000)
  object space 2620416K, 2% used [0x0000000700000000,0x0000000703de6b38,0x000000079ff00000)
 PSPermGen       total 83968K, used 62399K [0x00000006fae00000, 0x0000000700000000, 0x0000000700000000)
  object space 83968K, 74% used [0x00000006fae00000,0x00000006feaefd58,0x0000000700000000)
GC Heap History (10 events):
Event: 312.376 GC heap before
{Heap before GC invocations=49 (full 11):
 PSYoungGen      total 1337344K, used 64K [0x00000007aaa80000, 0x00000007ff180000, 0x0000000800000000)
  eden space 1295360K, 0% used [0x00000007aaa80000,0x00000007aaa80000,0x00000007f9b80000)
  from space 41984K, 0% used [0x00000007fc880000,0x00000007fc890000,0x00000007ff180000)
  to   space 44032K, 0% used [0x00000007f9b80000,0x00000007f9b80000,0x00000007fc680000)
 ParOldGen       total 1504768K, used 113538K [0x0000000700000000, 0x000000075bd80000, 0x00000007aaa80000)
  object space 1504768K, 7% used [0x0000000700000000,0x0000000706ee0800,0x000000075bd80000)
 PSPermGen       total 83968K, used 83967K [0x00000006fae00000, 0x0000000700000000, 0x0000000700000000)
  object space 83968K, 99% used [0x00000006fae00000,0x00000006ffffffb0,0x0000000700000000)
Event: 312.794 GC heap after
Heap after GC invocations=49 (full 11):
 PSYoungGen      total 1337344K, used 0K [0x00000007aaa80000, 0x00000007ff180000, 0x0000000800000000)
  eden space 1295360K, 0% used [0x00000007aaa80000,0x00000007aaa80000,0x00000007f9b80000)
  from space 41984K, 0% used [0x00000007fc880000,0x00000007fc880000,0x00000007ff180000)
  to   space 44032K, 0% used [0x00000007f9b80000,0x00000007f9b80000,0x00000007fc680000)
 ParOldGen       total 1808896K, used 78591K [0x0000000700000000, 0x000000076e680000, 0x00000007aaa80000)
  object space 1808896K, 4% used [0x0000000700000000,0x0000000704cbfea8,0x000000076e680000)
 PSPermGen       total 83968K, used 83967K [0x00000006fae00000, 0x0000000700000000, 0x0000000700000000)
  object space 83968K, 99% used [0x00000006fae00000,0x00000006ffffffb0,0x0000000700000000)
}
Event: 312.794 GC heap before
{Heap before GC invocations=50 (full 11):
 PSYoungGen      total 1337344K, used 0K [0x00000007aaa80000, 0x00000007ff180000, 0x0000000800000000)
  eden space 1295360K, 0% used [0x00000007aaa80000,0x00000007aaa80000,0x00000007f9b80000)
  from space 41984K, 0% used [0x00000007fc880000,0x00000007fc880000,0x00000007ff180000)
  to   space 44032K, 0% used [0x00000007f9b80000,0x00000007f9b80000,0x00000007fc680000)
 ParOldGen       total 1808896K, used 78591K [0x0000000700000000, 0x000000076e680000, 0x00000007aaa80000)
  object space 1808896K, 4% used [0x0000000700000000,0x0000000704cbfea8,0x000000076e680000)
 PSPermGen       total 83968K, used 83967K [0x00000006fae00000, 0x0000000700000000, 0x0000000700000000)
  object space 83968K, 99% used [0x00000006fae00000,0x00000006ffffffb0,0x0000000700000000)
Event: 312.797 GC heap after
Heap after GC invocations=50 (full 11):
 PSYoungGen      total 1339392K, used 0K [0x00000007aaa80000, 0x00000007ff080000, 0x0000000800000000)
  eden space 1295360K, 0% used [0x00000007aaa80000,0x00000007aaa80000,0x00000007f9b80000)
  from space 44032K, 0% used [0x00000007f9b80000,0x00000007f9b80000,0x00000007fc680000)
  to   space 41984K, 0% used [0x00000007fc780000,0x00000007fc780000,0x00000007ff080000)
 ParOldGen       total 1808896K, used 78591K [0x0000000700000000, 0x000000076e680000, 0x00000007aaa80000)
  object space 1808896K, 4% used [0x0000000700000000,0x0000000704cbfea8,0x000000076e680000)
 PSPermGen       total 83968K, used 83967K [0x00000006fae00000, 0x0000000700000000, 0x0000000700000000)
  object space 83968K, 99% used [0x00000006fae00000,0x00000006ffffffb0,0x0000000700000000)
}
Event: 312.797 GC heap before
{Heap before GC invocations=51 (full 12):
 PSYoungGen      total 1339392K, used 0K [0x00000007aaa80000, 0x00000007ff080000, 0x0000000800000000)
  eden space 1295360K, 0% used [0x00000007aaa80000,0x00000007aaa80000,0x00000007f9b80000)
  from space 44032K, 0% used [0x00000007f9b80000,0x00000007f9b80000,0x00000007fc680000)
  to   space 41984K, 0% used [0x00000007fc780000,0x00000007fc780000,0x00000007ff080000)
 ParOldGen       total 1808896K, used 78591K [0x0000000700000000, 0x000000076e680000, 0x00000007aaa80000)
  object space 1808896K, 4% used [0x0000000700000000,0x0000000704cbfea8,0x000000076e680000)
 PSPermGen       total 83968K, used 83967K [0x00000006fae00000, 0x0000000700000000, 0x0000000700000000)
  object space 83968K, 99% used [0x00000006fae00000,0x00000006ffffffb0,0x0000000700000000)
Event: 312.983 GC heap after
Heap after GC invocations=51 (full 12):
 PSYoungGen      total 1339392K, used 0K [0x00000007aaa80000, 0x00000007ff080000, 0x0000000800000000)
  eden space 1295360K, 0% used [0x00000007aaa80000,0x00000007aaa80000,0x00000007f9b80000)
  from space 44032K, 0% used [0x00000007f9b80000,0x00000007f9b80000,0x00000007fc680000)
  to   space 41984K, 0% used [0x00000007fc780000,0x00000007fc780000,0x00000007ff080000)
 ParOldGen       total 2182144K, used 78591K [0x0000000700000000, 0x0000000785300000, 0x00000007aaa80000)
  object space 2182144K, 3% used [0x0000000700000000,0x0000000704cbfd90,0x0000000785300000)
 PSPermGen       total 83968K, used 83967K [0x00000006fae00000, 0x0000000700000000, 0x0000000700000000)
  object space 83968K, 99% used [0x00000006fae00000,0x00000006ffffffb0,0x0000000700000000)
}
Event: 312.984 GC heap before
{Heap before GC invocations=52 (full 12):
 PSYoungGen      total 1339392K, used 11097K [0x00000007aaa80000, 0x00000007ff080000, 0x0000000800000000)
  eden space 1295360K, 0% used [0x00000007aaa80000,0x00000007ab556680,0x00000007f9b80000)
  from space 44032K, 0% used [0x00000007f9b80000,0x00000007f9b80000,0x00000007fc680000)
  to   space 41984K, 0% used [0x00000007fc780000,0x00000007fc780000,0x00000007ff080000)
 ParOldGen       total 2182144K, used 78591K [0x0000000700000000, 0x0000000785300000, 0x00000007aaa80000)
  object space 2182144K, 3% used [0x0000000700000000,0x0000000704cbfd90,0x0000000785300000)
 PSPermGen       total 83968K, used 83967K [0x00000006fae00000, 0x0000000700000000, 0x0000000700000000)
  object space 83968K, 99% used [0x00000006fae00000,0x00000006ffffffb0,0x0000000700000000)
Event: 312.987 GC heap after
Heap after GC invocations=52 (full 12):
 PSYoungGen      total 1337344K, used 64K [0x00000007aaa80000, 0x00000007fed00000, 0x0000000800000000)
  eden space 1298944K, 0% used [0x00000007aaa80000,0x00000007aaa80000,0x00000007f9f00000)
  from space 38400K, 0% used [0x00000007fc780000,0x00000007fc790000,0x00000007fed00000)
  to   space 39936K, 0% used [0x00000007f9f00000,0x00000007f9f00000,0x00000007fc600000)
 ParOldGen       total 2182144K, used 78591K [0x0000000700000000, 0x0000000785300000, 0x00000007aaa80000)
  object space 2182144K, 3% used [0x0000000700000000,0x0000000704cbfd90,0x0000000785300000)
 PSPermGen       total 83968K, used 83967K [0x00000006fae00000, 0x0000000700000000, 0x0000000700000000)
  object space 83968K, 99% used [0x00000006fae00000,0x00000006ffffffb0,0x0000000700000000)
}
Event: 312.987 GC heap before
{Heap before GC invocations=53 (full 13):
 PSYoungGen      total 1337344K, used 64K [0x00000007aaa80000, 0x00000007fed00000, 0x0000000800000000)
  eden space 1298944K, 0% used [0x00000007aaa80000,0x00000007aaa80000,0x00000007f9f00000)
  from space 38400K, 0% used [0x00000007fc780000,0x00000007fc790000,0x00000007fed00000)
  to   space 39936K, 0% used [0x00000007f9f00000,0x00000007f9f00000,0x00000007fc600000)
 ParOldGen       total 2182144K, used 78591K [0x0000000700000000, 0x0000000785300000, 0x00000007aaa80000)
  object space 2182144K, 3% used [0x0000000700000000,0x0000000704cbfd90,0x0000000785300000)
 PSPermGen       total 83968K, used 83967K [0x00000006fae00000, 0x0000000700000000, 0x0000000700000000)
  object space 83968K, 99% used [0x00000006fae00000,0x00000006ffffffb0,0x0000000700000000)
Event: 313.360 GC heap after
Heap after GC invocations=53 (full 13):
 PSYoungGen      total 1337344K, used 0K [0x00000007aaa80000, 0x00000007fed00000, 0x0000000800000000)
  eden space 1298944K, 0% used [0x00000007aaa80000,0x00000007aaa80000,0x00000007f9f00000)
  from space 38400K, 0% used [0x00000007fc780000,0x00000007fc780000,0x00000007fed00000)
  to   space 39936K, 0% used [0x00000007f9f00000,0x00000007f9f00000,0x00000007fc600000)
 ParOldGen       total 2620416K, used 63386K [0x0000000700000000, 0x000000079ff00000, 0x00000007aaa80000)
  object space 2620416K, 2% used [0x0000000700000000,0x0000000703de6b38,0x000000079ff00000)
 PSPermGen       total 83968K, used 62399K [0x00000006fae00000, 0x0000000700000000, 0x0000000700000000)
  object space 83968K, 74% used [0x00000006fae00000,0x00000006feaefcb8,0x0000000700000000)
}

