<?xml version="1.0" encoding="UTF-8"?>
<testsuite name="com.adfonic.tracker.controller.TestInstallController" time="0.74" tests="35" errors="0" skipped="0" failures="0">
  <properties>
[...]
</properties>
  <testcase name="testDeDupInstallByDeviceIdentifiers05_click_found_all_good" classname="com.adfonic.tracker.controller.TestInstallController" time="0.219"/>
  <testcase name="testDeDupInstallByDeviceIdentifiers07_claim_1" classname="com.adfonic.tracker.controller.TestInstallController" time="0.011"/>
  <testcase name="testInstallController_trackAuthenticatedInstall_usernameNotRecognized" classname="com.adfonic.tracker.controller.TestInstallController" time="0.035"/>
  <testcase name="testDeDupInstallByDeviceIdentifiers01_none_supplied" classname="com.adfonic.tracker.controller.TestInstallController" time="0.006"/>
  <testcase name="testDeDupInstallByDeviceIdentifiers03_click_found_duplicate" classname="com.adfonic.tracker.controller.TestInstallController" time="0.021"/>
  <testcase name="testPromoteDeviceIdentifiers08_ifa_to_hifa" classname="com.adfonic.tracker.controller.TestInstallController" time="0.034"/>
  <testcase name="testPromoteDeviceIdentifiers01_dpid_already_supplied" classname="com.adfonic.tracker.controller.TestInstallController" time="0.006"/>
  <testcase name="testDeDupInstallByAdTruth_with_AdTruthData_ScheduleInstallRetry_With_Atid" classname="com.adfonic.tracker.controller.TestInstallController" time="0.124"/>
  <testcase name="test_canClaim" classname="com.adfonic.tracker.controller.TestInstallController" time="0.001"/>
  <testcase name="testInstallController_trackAuthenticatedInstall_clickNotFound" classname="com.adfonic.tracker.controller.TestInstallController" time="0.009"/>
  <testcase name="testInstallController_trackAuthenticatedInstall_applicationIdMismatch" classname="com.adfonic.tracker.controller.TestInstallController" time="0.016"/>
  <testcase name="testInstallController_trackAuthenticatedInstall_retargeting_exception" classname="com.adfonic.tracker.controller.TestInstallController" time="0.022"/>
  <testcase name="testDeDupInstallByAdTruth_no_AdTruthData_success_with_DeviceIdentifiers" classname="com.adfonic.tracker.controller.TestInstallController" time="0.023"/>
  <testcase name="testInstallController_trackAuthenticatedInstall_noAuthorizationHeader" classname="com.adfonic.tracker.controller.TestInstallController" time="0.001"/>
  <testcase name="testDeDupInstallByDeviceIdentifiers06_click_found_retargeting_exception" classname="com.adfonic.tracker.controller.TestInstallController" time="0.007"/>
  <testcase name="testInstallController_trackAuthenticatedInstall_allGood" classname="com.adfonic.tracker.controller.TestInstallController" time="0.007"/>
  <testcase name="testDeDupInstallByAdTruth_no_AdTruthData" classname="com.adfonic.tracker.controller.TestInstallController" time="0.026"/>
  <testcase name="testDeDupInstallByDeviceIdentifiers04_click_found_data_dependency" classname="com.adfonic.tracker.controller.TestInstallController" time="0.016"/>
  <testcase name="testInstallController08_deDupInstallByAppIdAndUdid" classname="com.adfonic.tracker.controller.TestInstallController" time="0.003"/>
  <testcase name="testPromoteDeviceIdentifiers04_odin1_already_supplied" classname="com.adfonic.tracker.controller.TestInstallController" time="0.003"/>
  <testcase name="testInstallController07_deDupInstallByAppIdAndUdid" classname="com.adfonic.tracker.controller.TestInstallController" time="0.003"/>
  <testcase name="testInstallController_trackAuthenticatedInstall_duplicate" classname="com.adfonic.tracker.controller.TestInstallController" time="0.014"/>
  <testcase name="testDeDupInstallByDeviceIdentifiers02_click_not_found" classname="com.adfonic.tracker.controller.TestInstallController" time="0.007"/>
  <testcase name="testInstallController06_deDupInstallByAppIdAndUdid" classname="com.adfonic.tracker.controller.TestInstallController" time="0.011"/>
  <testcase name="testDeDupInstallByDeviceIdentifiers08_claim_0" classname="com.adfonic.tracker.controller.TestInstallController" time="0.011"/>
  <testcase name="testPromoteDeviceIdentifiers02_android_to_dpid" classname="com.adfonic.tracker.controller.TestInstallController" time="0.006"/>
  <testcase name="testInstallController05_deDupInstallByAppIdAndUdid" classname="com.adfonic.tracker.controller.TestInstallController" time="0.026"/>
  <testcase name="testPromoteDeviceIdentifiers05_android_to_odin1" classname="com.adfonic.tracker.controller.TestInstallController" time="0.005"/>
  <testcase name="testDeDupInstallByAdTruth_with_AdTruthData_DuplicateException" classname="com.adfonic.tracker.controller.TestInstallController" time="0.008"/>
  <testcase name="testDeDupInstallByAdTruth_with_AdTruthData" classname="com.adfonic.tracker.controller.TestInstallController" time="0.025"/>
  <testcase name="testPromoteDeviceIdentifiers07_no_promotions_applicable" classname="com.adfonic.tracker.controller.TestInstallController" time="0.012"/>
  <testcase name="testPromoteDeviceIdentifiers06_none_supplied" classname="com.adfonic.tracker.controller.TestInstallController" time="0.01"/>
  <testcase name="testInstallController_trackAuthenticatedInstall_invalidPassword" classname="com.adfonic.tracker.controller.TestInstallController" time="0.003"/>
  <testcase name="testPromoteDeviceIdentifiers03_udid_to_dpid" classname="com.adfonic.tracker.controller.TestInstallController" time="0.003"/>
  <testcase name="testInstallController_trackAuthenticatedInstall_invalidAuthorizationHeader" classname="com.adfonic.tracker.controller.TestInstallController" time="0.006"/>
</testsuite>