<?xml version="1.0" encoding="UTF-8"?>
<testsuite name="com.adfonic.datacollector.TestAdEventDataCollector" time="1.319" tests="28" errors="0" skipped="3" failures="0">
  <properties>
[...]
</properties>
  <testcase name="testOnAdEvent04_throws_failedPreviously" classname="com.adfonic.datacollector.TestAdEventDataCollector" time="0.756"/>
  <testcase name="testOnAdEventBatch02_normal" classname="com.adfonic.datacollector.TestAdEventDataCollector" time="0.022"/>
  <testcase name="testOnAdEvent01_testMode" classname="com.adfonic.datacollector.TestAdEventDataCollector" time="0.018"/>
  <testcase name="testOnClickMessage02b_duplicate_with_id_collision" classname="com.adfonic.datacollector.TestAdEventDataCollector" time="0.219"/>
  <testcase name="testOnAdEvent_bytes01_deserialization_throws" classname="com.adfonic.datacollector.TestAdEventDataCollector" time="0.033"/>
  <testcase name="testOnClickMessage01_exception_while_deserializing" classname="com.adfonic.datacollector.TestAdEventDataCollector" time="0.022"/>
  <testcase name="testHandleAdEvent02_campaignId_null" classname="com.adfonic.datacollector.TestAdEventDataCollector" time="0.047"/>
  <testcase name="testEstablishUserAgentId04_truncate" classname="com.adfonic.datacollector.TestAdEventDataCollector" time="0.013"/>
  <testcase name="testHandleAdEvent03_campaign_null" classname="com.adfonic.datacollector.TestAdEventDataCollector" time="0.023"/>
  <testcase name="testOnAdEvent_bytes02_normal" classname="com.adfonic.datacollector.TestAdEventDataCollector" time="0.005"/>
  <testcase name="testOnClickMessage03_normal_non_duplicate" classname="com.adfonic.datacollector.TestAdEventDataCollector" time="0.014"/>
  <testcase name="testOnFailedAdEvent02_normal" classname="com.adfonic.datacollector.TestAdEventDataCollector" time="0.01"/>
  <testcase name="testHandleAdEvent04_non_batch" classname="com.adfonic.datacollector.TestAdEventDataCollector" time="0">
    <skipped message="Breaks"/>
  </testcase>
  <testcase name="testOnAdEvent03_throws_not_failedPreviously" classname="com.adfonic.datacollector.TestAdEventDataCollector" time="0.016"/>
  <testcase name="testHandleAdEvent05_batch" classname="com.adfonic.datacollector.TestAdEventDataCollector" time="0">
    <skipped message="Breaks"/>
  </testcase>
  <testcase name="testEstablishUserAgentId06_update_cache" classname="com.adfonic.datacollector.TestAdEventDataCollector" time="0.008"/>
  <testcase name="testOnAdEventBatch01_exception" classname="com.adfonic.datacollector.TestAdEventDataCollector" time="0.006"/>
  <testcase name="testEstablishUserAgentId05_clusterDao_throws" classname="com.adfonic.datacollector.TestAdEventDataCollector" time="0.011"/>
  <testcase name="testOnClickMessage02_null_campaign_and_normal_duplicate" classname="com.adfonic.datacollector.TestAdEventDataCollector" time="0.015"/>
  <testcase name="testOnUserAgentUpdated01_delete" classname="com.adfonic.datacollector.TestAdEventDataCollector" time="0.021"/>
  <testcase name="testHandleAdEvent01_no_publication" classname="com.adfonic.datacollector.TestAdEventDataCollector" time="0.004"/>
  <testcase name="testOnAdEvent02_AD_SERVED_AND_IMPRESSION" classname="com.adfonic.datacollector.TestAdEventDataCollector" time="0">
    <skipped message="Breaks"/>
  </testcase>
  <testcase name="testOnUserAgentUpdated01_update" classname="com.adfonic.datacollector.TestAdEventDataCollector" time="0.004"/>
  <testcase name="testEstablishUserAgentId03_normal" classname="com.adfonic.datacollector.TestAdEventDataCollector" time="0.008"/>
  <testcase name="testOnFailedAdEvent01_deserialization_throws" classname="com.adfonic.datacollector.TestAdEventDataCollector" time="0.027"/>
  <testcase name="testEstablishUserAgentId02_null_userAgent" classname="com.adfonic.datacollector.TestAdEventDataCollector" time="0.005"/>
  <testcase name="testOnClickMessage4_SC_211" classname="com.adfonic.datacollector.TestAdEventDataCollector" time="0.009"/>
  <testcase name="testEstablishUserAgentId01_null_modelId" classname="com.adfonic.datacollector.TestAdEventDataCollector" time="0.003"/>
</testsuite>