<?xml version="1.0" encoding="UTF-8"?>
<testsuite name="com.adfonic.adserver.TestDeviceIdentifierLogic" time="0.017" tests="26" errors="0" skipped="0" failures="0">
  <properties>
[...]
</properties>
  <testcase name="testDetermineTrackingIdDeviceIdentifierType02_IPHONE_APP_invalid" classname="com.adfonic.adserver.TestDeviceIdentifierLogic" time="0"/>
  <testcase name="testDetermineTrackingIdDeviceIdentifierType13_someOtherPubType" classname="com.adfonic.adserver.TestDeviceIdentifierLogic" time="0"/>
  <testcase name="testDetermineTrackingIdDeviceIdentifierType12_OTHER_APP_is_nothing" classname="com.adfonic.adserver.TestDeviceIdentifierLogic" time="0"/>
  <testcase name="testPromoteDeviceIdentifiers01_dpid_already_supplied" classname="com.adfonic.adserver.TestDeviceIdentifierLogic" time="0"/>
  <testcase name="testGetSecureDeviceIdentifier" classname="com.adfonic.adserver.TestDeviceIdentifierLogic" time="0"/>
  <testcase name="testDetermineTrackingIdDeviceIdentifierType09_OTHER_APP_is_Android" classname="com.adfonic.adserver.TestDeviceIdentifierLogic" time="0"/>
  <testcase name="testDetermineTrackingIdDeviceIdentifierType06_ANDROID_APP_invalid" classname="com.adfonic.adserver.TestDeviceIdentifierLogic" time="0"/>
  <testcase name="testDetermineTrackingIdDeviceIdentifierType11_OTHER_APP_is_40_long_but_not_UDID" classname="com.adfonic.adserver.TestDeviceIdentifierLogic" time="0"/>
  <testcase name="testPromoteDeviceIdentifiers04_odin1_already_supplied" classname="com.adfonic.adserver.TestDeviceIdentifierLogic" time="0"/>
  <testcase name="test08_enforceBlacklist" classname="com.adfonic.adserver.TestDeviceIdentifierLogic" time="0"/>
  <testcase name="testDetermineTrackingIdDeviceIdentifierType03_IPHONE_APP_valid" classname="com.adfonic.adserver.TestDeviceIdentifierLogic" time="0.001"/>
  <testcase name="testPromoteADID" classname="com.adfonic.adserver.TestDeviceIdentifierLogic" time="0"/>
  <testcase name="testPromoteIfa" classname="com.adfonic.adserver.TestDeviceIdentifierLogic" time="0.001"/>
  <testcase name="testDetermineTrackingIdDeviceIdentifierType05_IPAD_APP_valid" classname="com.adfonic.adserver.TestDeviceIdentifierLogic" time="0"/>
  <testcase name="testPromoteIfaWhenHifaAlreadyGiven" classname="com.adfonic.adserver.TestDeviceIdentifierLogic" time="0"/>
  <testcase name="testPromoteDeviceIdentifiers02_android_to_dpid" classname="com.adfonic.adserver.TestDeviceIdentifierLogic" time="0.001"/>
  <testcase name="testPromoteDeviceIdentifiers05_android_to_odin1" classname="com.adfonic.adserver.TestDeviceIdentifierLogic" time="0.001"/>
  <testcase name="testDetermineTrackingIdDeviceIdentifierType04_IPAD_APP_invalid" classname="com.adfonic.adserver.TestDeviceIdentifierLogic" time="0.003"/>
  <testcase name="testDetermineTrackingIdDeviceIdentifierType01_adSpaceNull" classname="com.adfonic.adserver.TestDeviceIdentifierLogic" time="0"/>
  <testcase name="testPromoteDeviceIdentifiers07_no_promotions_applicable" classname="com.adfonic.adserver.TestDeviceIdentifierLogic" time="0.003"/>
  <testcase name="testDetermineTrackingIdDeviceIdentifierType08_OTHER_APP_is_UDID" classname="com.adfonic.adserver.TestDeviceIdentifierLogic" time="0"/>
  <testcase name="testPromoteDeviceIdentifiers06_none_supplied" classname="com.adfonic.adserver.TestDeviceIdentifierLogic" time="0.001"/>
  <testcase name="testPromoteIfaWhenAdidMd5AlreadyGiven" classname="com.adfonic.adserver.TestDeviceIdentifierLogic" time="0.001"/>
  <testcase name="testDetermineTrackingIdDeviceIdentifierType07_ANDROID_APP_valid" classname="com.adfonic.adserver.TestDeviceIdentifierLogic" time="0.001"/>
  <testcase name="testPromoteDeviceIdentifiers03_udid_to_dpid" classname="com.adfonic.adserver.TestDeviceIdentifierLogic" time="0.001"/>
  <testcase name="testDetermineTrackingIdDeviceIdentifierType10_OTHER_APP_is_16_long_but_not_Android" classname="com.adfonic.adserver.TestDeviceIdentifierLogic" time="0.003"/>
</testsuite>